Build started 3/23/2015 10:11:00 AM.
     1>Project "C:\Users\1931426\Desktop\Google Drive\MoonRockers 2014-2015\CENG\RobotProgram\Controller\Controller\Controller.vcxproj" on node 2 (Build target(s)).
     1>ClCompile:
         C:\Program Files\Microsoft Visual Studio 12.0\VC\bin\CL.exe /c /ZI /nologo /W3 /WX- /sdl /Od /Oy- /D WIN32 /D _DEBUG /D _CONSOLE /D _LIB /D _UNICODE /D UNICODE /Gm /EHsc /RTC1 /MDd /GS /fp:precise /Zc:wchar_t /Zc:forScope /Fo"Debug\\" /Fd"Debug\vc120.pdb" /Gd /TP /analyze- /errorReport:prompt CXBOXController.cpp main.cpp
         main.cpp
     1>c:\users\1931426\desktop\google drive\moonrockers 2014-2015\ceng\robotprogram\controller\controller\cxboxcontroller.h(17): warning C4005: 'XINPUT_GAMEPAD_LEFT_THUMB_DEADZONE' : macro redefinition
                 c:\program files\windows kits\8.1\include\um\xinput.h(100) : see previous definition of 'XINPUT_GAMEPAD_LEFT_THUMB_DEADZONE'
     1>c:\users\1931426\desktop\google drive\moonrockers 2014-2015\ceng\robotprogram\controller\controller\cxboxcontroller.h(18): warning C4005: 'XINPUT_GAMEPAD_TRIGGER_THRESHOLD' : macro redefinition
                 c:\program files\windows kits\8.1\include\um\xinput.h(102) : see previous definition of 'XINPUT_GAMEPAD_TRIGGER_THRESHOLD'
         CXBOXController.cpp
     1>c:\users\1931426\desktop\google drive\moonrockers 2014-2015\ceng\robotprogram\controller\controller\cxboxcontroller.h(17): warning C4005: 'XINPUT_GAMEPAD_LEFT_THUMB_DEADZONE' : macro redefinition
                 c:\program files\windows kits\8.1\include\um\xinput.h(100) : see previous definition of 'XINPUT_GAMEPAD_LEFT_THUMB_DEADZONE'
     1>c:\users\1931426\desktop\google drive\moonrockers 2014-2015\ceng\robotprogram\controller\controller\cxboxcontroller.h(18): warning C4005: 'XINPUT_GAMEPAD_TRIGGER_THRESHOLD' : macro redefinition
                 c:\program files\windows kits\8.1\include\um\xinput.h(102) : see previous definition of 'XINPUT_GAMEPAD_TRIGGER_THRESHOLD'
     1>c:\users\1931426\desktop\google drive\moonrockers 2014-2015\ceng\robotprogram\controller\controller\cxboxcontroller.cpp(14): warning C4244: 'argument' : conversion from 'float' to 'int', possible loss of data
         Generating Code...
       Link:
         C:\Program Files\Microsoft Visual Studio 12.0\VC\bin\link.exe /ERRORREPORT:PROMPT /OUT:"C:\Users\1931426\Desktop\Google Drive\MoonRockers 2014-2015\CENG\RobotProgram\Controller\Debug\Controller.exe" /INCREMENTAL /NOLOGO kernel32.lib user32.lib gdi32.lib winspool.lib comdlg32.lib advapi32.lib shell32.lib ole32.lib oleaut32.lib uuid.lib odbc32.lib odbccp32.lib /MANIFEST /MANIFESTUAC:"level='asInvoker' uiAccess='false'" /manifest:embed /DEBUG /PDB:"C:\Users\1931426\Desktop\Google Drive\MoonRockers 2014-2015\CENG\RobotProgram\Controller\Debug\Controller.pdb" /SUBSYSTEM:CONSOLE /TLBID:1 /DYNAMICBASE /NXCOMPAT /IMPLIB:"C:\Users\1931426\Desktop\Google Drive\MoonRockers 2014-2015\CENG\RobotProgram\Controller\Debug\Controller.lib" /MACHINE:X86 Debug\CXBOXController.obj
         Debug\main.obj
         Controller.vcxproj -> C:\Users\1931426\Desktop\Google Drive\MoonRockers 2014-2015\CENG\RobotProgram\Controller\Debug\Controller.exe
     1>Done Building Project "C:\Users\1931426\Desktop\Google Drive\MoonRockers 2014-2015\CENG\RobotProgram\Controller\Controller\Controller.vcxproj" (Build target(s)).

Build succeeded.

Time Elapsed 00:00:02.00
