Build started 3/23/2015 10:06:40 AM.
     1>Project "C:\Users\1931426\Desktop\Google Drive\MoonRockers 2014-2015\CENG\RobotProgram\Controller\Robot\Robot.vcxproj" on node 2 (Rebuild target(s)).
     1>ClCompile:
         C:\Program Files\Microsoft Visual Studio 12.0\VC\bin\CL.exe /c /ZI /nologo /W3 /WX- /sdl /Od /Oy- /D CODE_ANALYSIS /D WIN32 /D _DEBUG /D _CONSOLE /D _LIB /D _UNICODE /D UNICODE /Gm /EHsc /RTC1 /MDd /GS /fp:precise /Zc:wchar_t /Zc:forScope /Fo"Debug\\" /Fd"Debug\vc120.pdb" /Gd /TP /analyze /analyze:plugin"C:\Program Files\Microsoft Visual Studio 12.0\VC\\bin\localespc.dll" /errorReport:prompt   /analyze:quiet Client.cpp CXBOXController.cpp robotmain.cpp
         robotmain.cpp
     1>c:\users\1931426\desktop\google drive\moonrockers 2014-2015\ceng\robotprogram\controller\robot\cxboxcontroller.h(17): warning C4005: 'XINPUT_GAMEPAD_LEFT_THUMB_DEADZONE' : macro redefinition
                 c:\program files\windows kits\8.1\include\um\xinput.h(100) : see previous definition of 'XINPUT_GAMEPAD_LEFT_THUMB_DEADZONE'
     1>c:\users\1931426\desktop\google drive\moonrockers 2014-2015\ceng\robotprogram\controller\robot\cxboxcontroller.h(18): warning C4005: 'XINPUT_GAMEPAD_TRIGGER_THRESHOLD' : macro redefinition
                 c:\program files\windows kits\8.1\include\um\xinput.h(102) : see previous definition of 'XINPUT_GAMEPAD_TRIGGER_THRESHOLD'
     1>c:\users\1931426\desktop\google drive\moonrockers 2014-2015\ceng\robotprogram\controller\robot\robotmain.cpp(18): warning C4101: 'flag' : unreferenced local variable
         CXBOXController.cpp
     1>c:\users\1931426\desktop\google drive\moonrockers 2014-2015\ceng\robotprogram\controller\robot\cxboxcontroller.h(17): warning C4005: 'XINPUT_GAMEPAD_LEFT_THUMB_DEADZONE' : macro redefinition
                 c:\program files\windows kits\8.1\include\um\xinput.h(100) : see previous definition of 'XINPUT_GAMEPAD_LEFT_THUMB_DEADZONE'
     1>c:\users\1931426\desktop\google drive\moonrockers 2014-2015\ceng\robotprogram\controller\robot\cxboxcontroller.h(18): warning C4005: 'XINPUT_GAMEPAD_TRIGGER_THRESHOLD' : macro redefinition
                 c:\program files\windows kits\8.1\include\um\xinput.h(102) : see previous definition of 'XINPUT_GAMEPAD_TRIGGER_THRESHOLD'
     1>c:\users\1931426\desktop\google drive\moonrockers 2014-2015\ceng\robotprogram\controller\robot\cxboxcontroller.cpp(14): warning C4244: 'argument' : conversion from 'float' to 'int', possible loss of data
         Client.cpp
         Running Code Analysis for C/C++...
         Generating Code...
       Link:
         C:\Program Files\Microsoft Visual Studio 12.0\VC\bin\link.exe /ERRORREPORT:PROMPT /OUT:"C:\Users\1931426\Desktop\Google Drive\MoonRockers 2014-2015\CENG\RobotProgram\Controller\Debug\Robot.exe" /INCREMENTAL /NOLOGO kernel32.lib user32.lib gdi32.lib winspool.lib comdlg32.lib advapi32.lib shell32.lib ole32.lib oleaut32.lib uuid.lib odbc32.lib odbccp32.lib /MANIFEST /MANIFESTUAC:"level='asInvoker' uiAccess='false'" /manifest:embed /DEBUG /PDB:"C:\Users\1931426\Desktop\Google Drive\MoonRockers 2014-2015\CENG\RobotProgram\Controller\Debug\Robot.pdb" /SUBSYSTEM:CONSOLE /TLBID:1 /DYNAMICBASE /NXCOMPAT /IMPLIB:"C:\Users\1931426\Desktop\Google Drive\MoonRockers 2014-2015\CENG\RobotProgram\Controller\Debug\Robot.lib" /MACHINE:X86 Debug\Client.obj
         Debug\CXBOXController.obj
         Debug\robotmain.obj
         Robot.vcxproj -> C:\Users\1931426\Desktop\Google Drive\MoonRockers 2014-2015\CENG\RobotProgram\Controller\Debug\Robot.exe
     1>c:\users\1931426\desktop\google drive\moonrockers 2014-2015\ceng\robotprogram\controller\robot\robotmain.cpp(43): warning C6001: Using uninitialized memory 'client'.
     1>c:\users\1931426\desktop\google drive\moonrockers 2014-2015\ceng\robotprogram\controller\robot\robotmain.cpp(45): warning C6001: Using uninitialized memory 'Player1'.
     1>Done Building Project "C:\Users\1931426\Desktop\Google Drive\MoonRockers 2014-2015\CENG\RobotProgram\Controller\Robot\Robot.vcxproj" (Rebuild target(s)).

Build succeeded.

Time Elapsed 00:00:32.50
