\BOOKMARK [0][-]{Doc-Start}{Title}{}% 1
\BOOKMARK [0][-]{chapter*.1}{Contents}{}% 2
\BOOKMARK [0][-]{chapter*.2}{List of Figures}{}% 3
\BOOKMARK [0][-]{chapter*.3}{List of Tables}{}% 4
\BOOKMARK [0][-]{chapter*.4}{List of Algorithms}{}% 5
\BOOKMARK [0][-]{chapter*.5}{Overview Statements}{}% 6
\BOOKMARK [1][-]{section.0.1}{Mission Statement}{chapter*.5}% 7
\BOOKMARK [0][-]{chapter*.6}{Document Preparation and Updates}{}% 8
\BOOKMARK [0][-]{chapter.1}{Overview and concept of operations}{}% 9
\BOOKMARK [1][-]{section.1.1}{Scope}{chapter.1}% 10
\BOOKMARK [1][-]{section.1.2}{Deliverables}{chapter.1}% 11
\BOOKMARK [1][-]{section.1.3}{Purpose}{chapter.1}% 12
\BOOKMARK [2][-]{subsection.1.3.1}{Vision based location}{section.1.3}% 13
\BOOKMARK [2][-]{subsection.1.3.2}{Location based Decision Making}{section.1.3}% 14
\BOOKMARK [2][-]{subsection.1.3.3}{Telecommunication}{section.1.3}% 15
\BOOKMARK [1][-]{section.1.4}{Systems Goals}{chapter.1}% 16
\BOOKMARK [1][-]{section.1.5}{System Overview and Diagram}{chapter.1}% 17
\BOOKMARK [1][-]{section.1.6}{Technologies Overview}{chapter.1}% 18
\BOOKMARK [0][-]{chapter.2}{Project Overview}{}% 19
\BOOKMARK [1][-]{section.2.1}{Team Members and Roles}{chapter.2}% 20
\BOOKMARK [1][-]{section.2.2}{Project Management Approach}{chapter.2}% 21
\BOOKMARK [1][-]{section.2.3}{Phase Overview}{chapter.2}% 22
\BOOKMARK [1][-]{section.2.4}{Terminology and Acronyms}{chapter.2}% 23
\BOOKMARK [0][-]{chapter.3}{User Stories, Requirements,Backlog and Deliverables}{}% 24
\BOOKMARK [1][-]{section.3.1}{Overview}{chapter.3}% 25
\BOOKMARK [2][-]{subsection.3.1.1}{Scope}{section.3.1}% 26
\BOOKMARK [2][-]{subsection.3.1.2}{Purpose of the System}{section.3.1}% 27
\BOOKMARK [1][-]{section.3.2}{ Stakeholder Information}{chapter.3}% 28
\BOOKMARK [2][-]{subsection.3.2.1}{Customer or End User \(Product Owner\)}{section.3.2}% 29
\BOOKMARK [2][-]{subsection.3.2.2}{Management or Instructor \(Scrum Master\)}{section.3.2}% 30
\BOOKMARK [2][-]{subsection.3.2.3}{Developers \205Testers}{section.3.2}% 31
\BOOKMARK [1][-]{section.3.3}{Requirements and Design Constraints}{chapter.3}% 32
\BOOKMARK [2][-]{subsection.3.3.1}{System Requirements}{section.3.3}% 33
\BOOKMARK [2][-]{subsection.3.3.2}{Network Requirements}{section.3.3}% 34
\BOOKMARK [2][-]{subsection.3.3.3}{Development Environment Requirements}{section.3.3}% 35
\BOOKMARK [2][-]{subsection.3.3.4}{Project Management Methodology}{section.3.3}% 36
\BOOKMARK [1][-]{section.3.4}{User Stories}{chapter.3}% 37
\BOOKMARK [2][-]{subsection.3.4.1}{User Story \0431}{section.3.4}% 38
\BOOKMARK [2][-]{subsection.3.4.2}{User Story \0432}{section.3.4}% 39
\BOOKMARK [2][-]{subsection.3.4.3}{User Story \0433}{section.3.4}% 40
\BOOKMARK [2][-]{subsection.3.4.4}{User Story \0434}{section.3.4}% 41
\BOOKMARK [2][-]{subsection.3.4.5}{User Story \0435}{section.3.4}% 42
\BOOKMARK [1][-]{section.3.5}{Research Results}{chapter.3}% 43
\BOOKMARK [0][-]{chapter.4}{Design and Implementation}{}% 44
\BOOKMARK [1][-]{section.4.1}{Vision based location }{chapter.4}% 45
\BOOKMARK [2][-]{subsection.4.1.1}{Technologies Used}{section.4.1}% 46
\BOOKMARK [2][-]{subsection.4.1.2}{Component Overview}{section.4.1}% 47
\BOOKMARK [2][-]{subsection.4.1.3}{Phase Overview}{section.4.1}% 48
\BOOKMARK [2][-]{subsection.4.1.4}{Design Details}{section.4.1}% 49
\BOOKMARK [1][-]{section.4.2}{Decision making system}{chapter.4}% 50
\BOOKMARK [2][-]{subsection.4.2.1}{Technologies Used}{section.4.2}% 51
\BOOKMARK [2][-]{subsection.4.2.2}{Component Overview}{section.4.2}% 52
\BOOKMARK [2][-]{subsection.4.2.3}{Design Details}{section.4.2}% 53
\BOOKMARK [1][-]{section.4.3}{Telecommunication }{chapter.4}% 54
\BOOKMARK [2][-]{subsection.4.3.1}{Technologies Used}{section.4.3}% 55
\BOOKMARK [2][-]{subsection.4.3.2}{Component Overview}{section.4.3}% 56
\BOOKMARK [2][-]{subsection.4.3.3}{Data Flow Diagram}{section.4.3}% 57
\BOOKMARK [2][-]{subsection.4.3.4}{Design Details}{section.4.3}% 58
\BOOKMARK [0][-]{chapter.5}{System and Unit Testing}{}% 59
\BOOKMARK [1][-]{section.5.1}{Overview}{chapter.5}% 60
\BOOKMARK [1][-]{section.5.2}{Test Setup and Execution}{chapter.5}% 61
\BOOKMARK [2][-]{subsection.5.2.1}{Test \0431}{section.5.2}% 62
\BOOKMARK [2][-]{subsection.5.2.2}{Test \0432}{section.5.2}% 63
\BOOKMARK [2][-]{subsection.5.2.3}{Test \0433}{section.5.2}% 64
\BOOKMARK [2][-]{subsection.5.2.4}{Test \0434}{section.5.2}% 65
\BOOKMARK [2][-]{subsection.5.2.5}{Test \0435}{section.5.2}% 66
\BOOKMARK [0][-]{chapter.6}{Development Environment}{}% 67
\BOOKMARK [1][-]{section.6.1}{Development IDE and Tools}{chapter.6}% 68
\BOOKMARK [1][-]{section.6.2}{Source Control}{chapter.6}% 69
\BOOKMARK [1][-]{section.6.3}{Dependencies}{chapter.6}% 70
\BOOKMARK [1][-]{section.6.4}{Build Environment}{chapter.6}% 71
\BOOKMARK [0][-]{chapter.7}{Release \205 Setup \205 Deployment}{}% 72
\BOOKMARK [1][-]{section.7.1}{Deployment Information and Dependencies}{chapter.7}% 73
\BOOKMARK [1][-]{section.7.2}{Setup Information}{chapter.7}% 74
\BOOKMARK [1][-]{section.7.3}{System Versioning Information}{chapter.7}% 75
\BOOKMARK [0][-]{chapter.8}{User Documentation}{}% 76
\BOOKMARK [1][-]{section.8.1}{User Guide}{chapter.8}% 77
\BOOKMARK [1][-]{section.8.2}{Installation Guide}{chapter.8}% 78
\BOOKMARK [1][-]{section.8.3}{Programmer Manual}{chapter.8}% 79
\BOOKMARK [0][-]{chapter.9}{Class Index}{}% 80
\BOOKMARK [1][-]{section.9.1}{Class List}{chapter.9}% 81
\BOOKMARK [0][-]{chapter.10}{Class Documentation}{}% 82
\BOOKMARK [0][-]{chapter.11}{Software Agreement}{}% 83
\BOOKMARK [0][-]{appendix.A}{Product Description}{}% 84
\BOOKMARK [0][-]{appendix.B}{Sprint Reports}{}% 85
\BOOKMARK [1][-]{section.B.1}{Sprint Report \0431}{appendix.B}% 86
\BOOKMARK [1][-]{section.B.2}{Sprint Report \0432}{appendix.B}% 87
\BOOKMARK [1][-]{section.B.3}{Sprint Report \0433}{appendix.B}% 88
\BOOKMARK [0][-]{appendix.C}{Industrial Experience and Resumes}{}% 89
\BOOKMARK [1][-]{section.C.1}{Resumes}{appendix.C}% 90
\BOOKMARK [2][-]{subsection.C.1.1}{Alex Muchow}{section.C.1}% 91
\BOOKMARK [0][-]{appendix.D}{Acknowledgment}{}% 92
\BOOKMARK [0][-]{appendix.E}{Supporting Materials}{}% 93
